<?xml version="1.0" encoding="UTF-8"?>
<!-- Generated by org.testng.reporters.JUnitReportReporter -->
<testsuite hostname="DESKTOP-0HQB0NN" failures="0" tests="1" name="Sampleone.Restassuredproject.addBook" time="2.932" errors="0" timestamp="2019-12-25T11:51:20 IST" skipped="0">
  <testcase classname="Sampleone.Restassuredproject.addBook" name="addBookReq" time="2.932"/>
</testsuite> <!-- Sampleone.Restassuredproject.addBook -->
