<?xml version="1.0" encoding="UTF-8"?>
<!-- Generated by org.testng.reporters.JUnitReportReporter -->
<testsuite hostname="DESKTOP-0HQB0NN" failures="0" tests="2" name="Sampleone.Restassuredproject.postRequest" time="3.244" errors="0" timestamp="2019-12-24T21:29:56 IST" skipped="0">
  <testcase classname="Sampleone.Restassuredproject.postRequest" name="deleteReq" time="0.297"/>
  <testcase classname="Sampleone.Restassuredproject.postRequest" name="Post" time="2.947"/>
</testsuite> <!-- Sampleone.Restassuredproject.postRequest -->
