<?xml version="1.0" encoding="UTF-8"?>
<!-- Generated by org.testng.reporters.JUnitReportReporter -->
<testsuite hostname="DESKTOP-0HQB0NN" failures="0" tests="1" name="Sampleone.Restassuredproject.xmlReq" time="2.345" errors="0" timestamp="2019-12-23T23:10:12 IST" skipped="0">
  <testcase classname="Sampleone.Restassuredproject.xmlReq" name="Postre" time="2.345"/>
</testsuite> <!-- Sampleone.Restassuredproject.xmlReq -->
