<?xml version="1.0" encoding="UTF-8"?>
<!-- Generated by org.testng.reporters.JUnitReportReporter -->
<testsuite hostname="DESKTOP-0HQB0NN" failures="0" tests="1" name="Sampleone.Restassuredproject.First" time="4.338" errors="0" timestamp="2019-12-22T22:55:46 IST" skipped="0">
  <testcase classname="Sampleone.Restassuredproject.First" name="getRequest" time="4.338"/>
</testsuite> <!-- Sampleone.Restassuredproject.First -->
