<?xml version="1.0" encoding="UTF-8"?>
<!-- Generated by org.testng.reporters.JUnitReportReporter -->
<testsuite hostname="DESKTOP-0HQB0NN" failures="0" tests="3" name="Sampleone.Restassuredproject.addBook" time="4.121" errors="0" timestamp="2019-12-25T12:12:06 IST" skipped="0">
  <testcase classname="Sampleone.Restassuredproject.addBook" name="addBookReq" time="0.327"/>
  <testcase classname="Sampleone.Restassuredproject.addBook" name="addBookReq" time="0.462"/>
  <testcase classname="Sampleone.Restassuredproject.addBook" name="addBookReq" time="3.332"/>
</testsuite> <!-- Sampleone.Restassuredproject.addBook -->
